Started by user [8mha:////4Ibk8Lv92i6FRawDe9yn5Yng8bt6UVDdWV7yz5pdJZZ8AAAAlh+LCAAAAAAAAP9b85aBtbiIQTGjNKU4P08vOT+vOD8nVc83PyU1x6OyILUoJzMv2y+/JJUBAhiZGBgqihhk0NSjKDWzXb3RdlLBUSYGJk8GtpzUvPSSDB8G5tKinBIGIZ+sxLJE/ZzEvHT94JKizLx0a6BxUmjGOUNodHsLgAzBEgYu/dLi1CL97MSSVAC82XTUvwAAAA==[0mKatsiaryna Kotava
Running as SYSTEM
Building remotely on [8mha:////4EQUMR/foVPZFOeH46sDO2P5y4f8oO9n5qzyw+jJ65RGAAAApR+LCAAAAAAAAP9b85aBtbiIQTGjNKU4P08vOT+vOD8nVc83PyU1x6OyILUoJzMv2y+/JJUBAhiZGBgqihhk0NSjKDWzXb3RdlLBUSYGJk8GtpzUvPSSDB8G5tKinBIGIZ+sxLJE/ZzEvHT94JKizLx0a6BxUmjGOUNodHsLgAz+EgZJ/eT83ILSktQifRfXYO8Q/wDdEF9nY6cAVwANSRd4zgAAAA==[0mDESKTOP-TMC3BPE (chrome win10 x64) in workspace F:\agent\workspace\GithubJob
The recommended git tool is: NONE
No credentials specified
Cloning the remote Git repository
Cloning repository https://github.com/vitalliuss/helloci
 > F:\Git\cmd\git.exe init F:\agent\workspace\GithubJob # timeout=10
Fetching upstream changes from https://github.com/vitalliuss/helloci
 > F:\Git\cmd\git.exe --version # timeout=10
 > git --version # 'git version 2.36.1.windows.1'
 > F:\Git\cmd\git.exe fetch --tags --force --progress -- https://github.com/vitalliuss/helloci +refs/heads/*:refs/remotes/origin/* # timeout=10
 > F:\Git\cmd\git.exe config remote.origin.url https://github.com/vitalliuss/helloci # timeout=10
 > F:\Git\cmd\git.exe config --add remote.origin.fetch +refs/heads/*:refs/remotes/origin/* # timeout=10
Avoid second fetch
 > F:\Git\cmd\git.exe rev-parse "refs/remotes/origin/master^{commit}" # timeout=10
Checking out Revision 71518a34152cb6c6039a2443ced60af30a31f14c (refs/remotes/origin/master)
 > F:\Git\cmd\git.exe config core.sparsecheckout # timeout=10
 > F:\Git\cmd\git.exe checkout -f 71518a34152cb6c6039a2443ced60af30a31f14c # timeout=10
Commit message: "Merge pull request #16 from EvgeniyRozhenko/fix-pom-utf8"
 > F:\Git\cmd\git.exe rev-list --no-walk 71518a34152cb6c6039a2443ced60af30a31f14c # timeout=10
[GithubJob] $ cmd /c call C:\Users\kamsp\AppData\Local\Temp\jenkins1713861211763426769.bat

F:\agent\workspace\GithubJob>ECHO Hello from jenkins! 
Hello from jenkins!

F:\agent\workspace\GithubJob>exit 0 
[GithubJob] $ cmd.exe /C "F:\maven\apache-maven-3.8.5\bin\mvn.cmd -f Java\pom.xml test && exit %%ERRORLEVEL%%"
[INFO] Scanning for projects...
[INFO] 
[INFO] ---------------< com.github.vitalliuss.helloci:hello-ci >---------------
[INFO] Building hello-ci 1.0-SNAPSHOT
[INFO] --------------------------------[ jar ]---------------------------------
[INFO] 
[8mha:////4GQr4mY/TumqXPPgfqAd7fdtD5/AUN1qMPZ1aQkB3LbZAAAAYB+LCAAAAAAAAP9b85aBtbiIQSmjNKU4P0+vJLE4u1gvPjexLDVPzxdEGvvmZ+X75Zek2mxOX+vh68DGxMBQUcQgBdWQnJ9XnJ+TqucMoUEKGSCAEaSwAAAn9LoiYAAAAA==[0m[INFO] --- maven-resources-plugin:2.6:resources (default-resources) @ hello-ci ---
[INFO] Using 'UTF-8' encoding to copy filtered resources.
[INFO] skip non existing resourceDirectory F:\agent\workspace\GithubJob\Java\src\main\resources
[INFO] 
[8mha:////4GQr4mY/TumqXPPgfqAd7fdtD5/AUN1qMPZ1aQkB3LbZAAAAYB+LCAAAAAAAAP9b85aBtbiIQSmjNKU4P0+vJLE4u1gvPjexLDVPzxdEGvvmZ+X75Zek2mxOX+vh68DGxMBQUcQgBdWQnJ9XnJ+TqucMoUEKGSCAEaSwAAAn9LoiYAAAAA==[0m[INFO] --- maven-compiler-plugin:3.1:compile (default-compile) @ hello-ci ---
[INFO] Changes detected - recompiling the module!
[INFO] Compiling 2 source files to F:\agent\workspace\GithubJob\Java\target\classes
[INFO] 
[8mha:////4GQr4mY/TumqXPPgfqAd7fdtD5/AUN1qMPZ1aQkB3LbZAAAAYB+LCAAAAAAAAP9b85aBtbiIQSmjNKU4P0+vJLE4u1gvPjexLDVPzxdEGvvmZ+X75Zek2mxOX+vh68DGxMBQUcQgBdWQnJ9XnJ+TqucMoUEKGSCAEaSwAAAn9LoiYAAAAA==[0m[INFO] --- maven-resources-plugin:2.6:testResources (default-testResources) @ hello-ci ---
[INFO] Using 'UTF-8' encoding to copy filtered resources.
[INFO] skip non existing resourceDirectory F:\agent\workspace\GithubJob\Java\src\test\resources
[INFO] 
[8mha:////4GQr4mY/TumqXPPgfqAd7fdtD5/AUN1qMPZ1aQkB3LbZAAAAYB+LCAAAAAAAAP9b85aBtbiIQSmjNKU4P0+vJLE4u1gvPjexLDVPzxdEGvvmZ+X75Zek2mxOX+vh68DGxMBQUcQgBdWQnJ9XnJ+TqucMoUEKGSCAEaSwAAAn9LoiYAAAAA==[0m[INFO] --- maven-compiler-plugin:3.1:testCompile (default-testCompile) @ hello-ci ---
[INFO] Changes detected - recompiling the module!
[INFO] Compiling 1 source file to F:\agent\workspace\GithubJob\Java\target\test-classes
[INFO] 
[8mha:////4GQr4mY/TumqXPPgfqAd7fdtD5/AUN1qMPZ1aQkB3LbZAAAAYB+LCAAAAAAAAP9b85aBtbiIQSmjNKU4P0+vJLE4u1gvPjexLDVPzxdEGvvmZ+X75Zek2mxOX+vh68DGxMBQUcQgBdWQnJ9XnJ+TqucMoUEKGSCAEaSwAAAn9LoiYAAAAA==[0m[INFO] --- maven-surefire-plugin:3.0.0-M1:test (default-test) @ hello-ci ---
[INFO] 
[INFO] -------------------------------------------------------
[INFO]  T E S T S
[INFO] -------------------------------------------------------
[INFO] Running com.github.vitalliuss.helloci.AppTest
[8mha:////4G8QcpHWpfBTHFCCLqUQXfP2qKiiV3q/BpKpm9c4AykWAAAAYB+LCAAAAAAAAP9b85aBtbiIQSmjNKU4P0+vJLE4u1gvPjexLDVPzxdEuhYV5Rf55Zek1m9pfpLfVWLNxMBQUcQgBdWQnJ9XnJ+TqucMoUEKGSCAEaSwAABqVhoSYAAAAA==[0m[ERROR] Tests run: 5, Failures: 1, Errors: 0, Skipped: 1, Time elapsed: 0.278 s <<< FAILURE! - in com.github.vitalliuss.helloci.AppTest
[8mha:////4G8QcpHWpfBTHFCCLqUQXfP2qKiiV3q/BpKpm9c4AykWAAAAYB+LCAAAAAAAAP9b85aBtbiIQSmjNKU4P0+vJLE4u1gvPjexLDVPzxdEuhYV5Rf55Zek1m9pfpLfVWLNxMBQUcQgBdWQnJ9XnJ+TqucMoUEKGSCAEaSwAABqVhoSYAAAAA==[0m[ERROR] testShouldBeFailed(com.github.vitalliuss.helloci.AppTest)  Time elapsed: 0.043 s  <<< FAILURE!
java.lang.AssertionError
	at com.github.vitalliuss.helloci.AppTest.testShouldBeFailed(AppTest.java:21)

[INFO] 
[INFO] Results:
[INFO] 
[8mha:////4G8QcpHWpfBTHFCCLqUQXfP2qKiiV3q/BpKpm9c4AykWAAAAYB+LCAAAAAAAAP9b85aBtbiIQSmjNKU4P0+vJLE4u1gvPjexLDVPzxdEuhYV5Rf55Zek1m9pfpLfVWLNxMBQUcQgBdWQnJ9XnJ+TqucMoUEKGSCAEaSwAABqVhoSYAAAAA==[0m[ERROR] Failures: 
[8mha:////4G8QcpHWpfBTHFCCLqUQXfP2qKiiV3q/BpKpm9c4AykWAAAAYB+LCAAAAAAAAP9b85aBtbiIQSmjNKU4P0+vJLE4u1gvPjexLDVPzxdEuhYV5Rf55Zek1m9pfpLfVWLNxMBQUcQgBdWQnJ9XnJ+TqucMoUEKGSCAEaSwAABqVhoSYAAAAA==[0m[ERROR]   AppTest.testShouldBeFailed:21
[INFO] 
[8mha:////4G8QcpHWpfBTHFCCLqUQXfP2qKiiV3q/BpKpm9c4AykWAAAAYB+LCAAAAAAAAP9b85aBtbiIQSmjNKU4P0+vJLE4u1gvPjexLDVPzxdEuhYV5Rf55Zek1m9pfpLfVWLNxMBQUcQgBdWQnJ9XnJ+TqucMoUEKGSCAEaSwAABqVhoSYAAAAA==[0m[ERROR] Tests run: 5, Failures: 1, Errors: 0, Skipped: 1
[INFO] 
[INFO] ------------------------------------------------------------------------
[INFO] BUILD FAILURE
[INFO] ------------------------------------------------------------------------
[INFO] Total time:  9.557 s
[INFO] Finished at: 2022-06-04T02:55:44+06:00
[INFO] ------------------------------------------------------------------------
[8mha:////4G8QcpHWpfBTHFCCLqUQXfP2qKiiV3q/BpKpm9c4AykWAAAAYB+LCAAAAAAAAP9b85aBtbiIQSmjNKU4P0+vJLE4u1gvPjexLDVPzxdEuhYV5Rf55Zek1m9pfpLfVWLNxMBQUcQgBdWQnJ9XnJ+TqucMoUEKGSCAEaSwAABqVhoSYAAAAA==[0m[ERROR] Failed to execute goal org.apache.maven.plugins:maven-surefire-plugin:3.0.0-M1:test (default-test) on project hello-ci: There are test failures.
[8mha:////4G8QcpHWpfBTHFCCLqUQXfP2qKiiV3q/BpKpm9c4AykWAAAAYB+LCAAAAAAAAP9b85aBtbiIQSmjNKU4P0+vJLE4u1gvPjexLDVPzxdEuhYV5Rf55Zek1m9pfpLfVWLNxMBQUcQgBdWQnJ9XnJ+TqucMoUEKGSCAEaSwAABqVhoSYAAAAA==[0m[ERROR] 
[8mha:////4G8QcpHWpfBTHFCCLqUQXfP2qKiiV3q/BpKpm9c4AykWAAAAYB+LCAAAAAAAAP9b85aBtbiIQSmjNKU4P0+vJLE4u1gvPjexLDVPzxdEuhYV5Rf55Zek1m9pfpLfVWLNxMBQUcQgBdWQnJ9XnJ+TqucMoUEKGSCAEaSwAABqVhoSYAAAAA==[0m[ERROR] Please refer to F:\agent\workspace\GithubJob\Java\target\surefire-reports for the individual test results.
[8mha:////4G8QcpHWpfBTHFCCLqUQXfP2qKiiV3q/BpKpm9c4AykWAAAAYB+LCAAAAAAAAP9b85aBtbiIQSmjNKU4P0+vJLE4u1gvPjexLDVPzxdEuhYV5Rf55Zek1m9pfpLfVWLNxMBQUcQgBdWQnJ9XnJ+TqucMoUEKGSCAEaSwAABqVhoSYAAAAA==[0m[ERROR] Please refer to dump files (if any exist) [date].dump, [date]-jvmRun[N].dump and [date].dumpstream.
[8mha:////4G8QcpHWpfBTHFCCLqUQXfP2qKiiV3q/BpKpm9c4AykWAAAAYB+LCAAAAAAAAP9b85aBtbiIQSmjNKU4P0+vJLE4u1gvPjexLDVPzxdEuhYV5Rf55Zek1m9pfpLfVWLNxMBQUcQgBdWQnJ9XnJ+TqucMoUEKGSCAEaSwAABqVhoSYAAAAA==[0m[ERROR] -> [Help 1]
[8mha:////4G8QcpHWpfBTHFCCLqUQXfP2qKiiV3q/BpKpm9c4AykWAAAAYB+LCAAAAAAAAP9b85aBtbiIQSmjNKU4P0+vJLE4u1gvPjexLDVPzxdEuhYV5Rf55Zek1m9pfpLfVWLNxMBQUcQgBdWQnJ9XnJ+TqucMoUEKGSCAEaSwAABqVhoSYAAAAA==[0m[ERROR] 
[8mha:////4G8QcpHWpfBTHFCCLqUQXfP2qKiiV3q/BpKpm9c4AykWAAAAYB+LCAAAAAAAAP9b85aBtbiIQSmjNKU4P0+vJLE4u1gvPjexLDVPzxdEuhYV5Rf55Zek1m9pfpLfVWLNxMBQUcQgBdWQnJ9XnJ+TqucMoUEKGSCAEaSwAABqVhoSYAAAAA==[0m[ERROR] To see the full stack trace of the errors, re-run Maven with the -e switch.
[8mha:////4G8QcpHWpfBTHFCCLqUQXfP2qKiiV3q/BpKpm9c4AykWAAAAYB+LCAAAAAAAAP9b85aBtbiIQSmjNKU4P0+vJLE4u1gvPjexLDVPzxdEuhYV5Rf55Zek1m9pfpLfVWLNxMBQUcQgBdWQnJ9XnJ+TqucMoUEKGSCAEaSwAABqVhoSYAAAAA==[0m[ERROR] Re-run Maven using the -X switch to enable full debug logging.
[8mha:////4G8QcpHWpfBTHFCCLqUQXfP2qKiiV3q/BpKpm9c4AykWAAAAYB+LCAAAAAAAAP9b85aBtbiIQSmjNKU4P0+vJLE4u1gvPjexLDVPzxdEuhYV5Rf55Zek1m9pfpLfVWLNxMBQUcQgBdWQnJ9XnJ+TqucMoUEKGSCAEaSwAABqVhoSYAAAAA==[0m[ERROR] 
[8mha:////4G8QcpHWpfBTHFCCLqUQXfP2qKiiV3q/BpKpm9c4AykWAAAAYB+LCAAAAAAAAP9b85aBtbiIQSmjNKU4P0+vJLE4u1gvPjexLDVPzxdEuhYV5Rf55Zek1m9pfpLfVWLNxMBQUcQgBdWQnJ9XnJ+TqucMoUEKGSCAEaSwAABqVhoSYAAAAA==[0m[ERROR] For more information about the errors and possible solutions, please read the following articles:
[8mha:////4G8QcpHWpfBTHFCCLqUQXfP2qKiiV3q/BpKpm9c4AykWAAAAYB+LCAAAAAAAAP9b85aBtbiIQSmjNKU4P0+vJLE4u1gvPjexLDVPzxdEuhYV5Rf55Zek1m9pfpLfVWLNxMBQUcQgBdWQnJ9XnJ+TqucMoUEKGSCAEaSwAABqVhoSYAAAAA==[0m[ERROR] [Help 1] http://cwiki.apache.org/confluence/display/MAVEN/MojoFailureException
Build step 'Invoke top-level Maven targets' marked build as failure
Archiving artifacts
Recording test results
ERROR: Step ‘Publish JUnit test result report’ aborted due to exception: 
org.xml.sax.SAXParseException; lineNumber: 2; columnNumber: 1; Content is not allowed in prolog.
	at java.xml/com.sun.org.apache.xerces.internal.util.ErrorHandlerWrapper.createSAXParseException(ErrorHandlerWrapper.java:204)
	at java.xml/com.sun.org.apache.xerces.internal.util.ErrorHandlerWrapper.fatalError(ErrorHandlerWrapper.java:178)
	at java.xml/com.sun.org.apache.xerces.internal.impl.XMLErrorReporter.reportError(XMLErrorReporter.java:400)
	at java.xml/com.sun.org.apache.xerces.internal.impl.XMLErrorReporter.reportError(XMLErrorReporter.java:327)
	at java.xml/com.sun.org.apache.xerces.internal.impl.XMLScanner.reportFatalError(XMLScanner.java:1465)
	at java.xml/com.sun.org.apache.xerces.internal.impl.XMLDocumentScannerImpl$PrologDriver.next(XMLDocumentScannerImpl.java:978)
	at java.xml/com.sun.org.apache.xerces.internal.impl.XMLDocumentScannerImpl.next(XMLDocumentScannerImpl.java:605)
	at java.xml/com.sun.org.apache.xerces.internal.impl.XMLNSDocumentScannerImpl.next(XMLNSDocumentScannerImpl.java:112)
	at java.xml/com.sun.org.apache.xerces.internal.impl.XMLDocumentFragmentScannerImpl.scanDocument(XMLDocumentFragmentScannerImpl.java:534)
	at java.xml/com.sun.org.apache.xerces.internal.parsers.XML11Configuration.parse(XML11Configuration.java:888)
	at java.xml/com.sun.org.apache.xerces.internal.parsers.XML11Configuration.parse(XML11Configuration.java:824)
	at java.xml/com.sun.org.apache.xerces.internal.parsers.XMLParser.parse(XMLParser.java:141)
	at java.xml/com.sun.org.apache.xerces.internal.parsers.AbstractSAXParser.parse(AbstractSAXParser.java:1216)
	at java.xml/com.sun.org.apache.xerces.internal.jaxp.SAXParserImpl$JAXPSAXParser.parse(SAXParserImpl.java:635)
	at org.dom4j.io.SAXReader.read(SAXReader.java:494)
Caused: org.dom4j.DocumentException: Error on line 2 of document  : Content is not allowed in prolog.
	at org.dom4j.io.SAXReader.read(SAXReader.java:511)
	at org.dom4j.io.SAXReader.read(SAXReader.java:392)
	at hudson.tasks.junit.SuiteResult.parse(SuiteResult.java:177)
	at hudson.tasks.junit.TestResult.parse(TestResult.java:384)
Also:   hudson.remoting.Channel$CallSiteStackTrace: Remote call to JNLP4-connect connection from 127.0.0.1/127.0.0.1:55684
		at hudson.remoting.Channel.attachCallSiteStackTrace(Channel.java:1784)
		at hudson.remoting.UserRequest$ExceptionResponse.retrieve(UserRequest.java:356)
		at hudson.remoting.Channel.call(Channel.java:1000)
		at hudson.FilePath.act(FilePath.java:1194)
		at hudson.FilePath.act(FilePath.java:1183)
		at hudson.tasks.junit.JUnitParser.parseResult(JUnitParser.java:118)
		at hudson.tasks.junit.JUnitResultArchiver.parse(JUnitResultArchiver.java:159)
		at hudson.tasks.junit.JUnitResultArchiver.parseAndSummarize(JUnitResultArchiver.java:253)
		at hudson.tasks.junit.JUnitResultArchiver.perform(JUnitResultArchiver.java:176)
		at jenkins.tasks.SimpleBuildStep.perform(SimpleBuildStep.java:123)
		at hudson.tasks.BuildStepCompatibilityLayer.perform(BuildStepCompatibilityLayer.java:79)
		at hudson.tasks.BuildStepMonitor$1.perform(BuildStepMonitor.java:20)
		at hudson.model.AbstractBuild$AbstractBuildExecution.perform(AbstractBuild.java:816)
		at hudson.model.AbstractBuild$AbstractBuildExecution.performAllBuildSteps(AbstractBuild.java:765)
		at hudson.model.Build$BuildExecution.post2(Build.java:179)
		at hudson.model.AbstractBuild$AbstractBuildExecution.post(AbstractBuild.java:709)
		at hudson.model.Run.execute(Run.java:1922)
		at hudson.model.FreeStyleBuild.run(FreeStyleBuild.java:44)
		at hudson.model.ResourceController.execute(ResourceController.java:101)
		at hudson.model.Executor.run(Executor.java:442)
Caused: java.io.IOException: Failed to read F:\agent\workspace\GithubJob\.NET\Calculator.sln
Is this really a JUnit report file? Your configuration must be matching too many files
	at hudson.tasks.junit.TestResult.parse(TestResult.java:396)
	at hudson.tasks.junit.TestResult.parsePossiblyEmpty(TestResult.java:314)
	at hudson.tasks.junit.TestResult.parse(TestResult.java:256)
	at hudson.tasks.junit.TestResult.parse(TestResult.java:242)
	at hudson.tasks.junit.TestResult.parse(TestResult.java:220)
	at hudson.tasks.junit.TestResult.<init>(TestResult.java:174)
	at hudson.tasks.junit.JUnitParser$ParseResultCallable.invoke(JUnitParser.java:176)
	at hudson.FilePath$FileCallableWrapper.call(FilePath.java:3502)
	at hudson.remoting.UserRequest.perform(UserRequest.java:211)
	at hudson.remoting.UserRequest.perform(UserRequest.java:54)
	at hudson.remoting.Request$2.run(Request.java:376)
	at hudson.remoting.InterceptingExecutorService.lambda$wrap$0(InterceptingExecutorService.java:78)
	at java.base/java.util.concurrent.FutureTask.run(FutureTask.java:264)
	at java.base/java.util.concurrent.ThreadPoolExecutor.runWorker(ThreadPoolExecutor.java:1128)
	at java.base/java.util.concurrent.ThreadPoolExecutor$Worker.run(ThreadPoolExecutor.java:628)
	at hudson.remoting.Engine$1.lambda$newThread$0(Engine.java:121)
	at java.base/java.lang.Thread.run(Thread.java:834)
Triggering a new build of [8mha:////4IyWK4AL3sIrz1jZshadExsUgq/WlwnGXV6Dt1A6KmbtAAAAoh+LCAAAAAAAAP9b85aBtbiIQTGjNKU4P08vOT+vOD8nVc83PyU1x6OyILUoJzMv2y+/JJUBAhiZGBgqihhk0NSjKDWzXb3RdlLBUSYGJk8GtpzUvPSSDB8G5tKinBIGIZ+sxLJE/ZzEvHT94JKizLx0a6BxUmjGOUNodHsLgAzBEgZx/az8JP2g0jzHtJLUIvfMkozSJC+gCABJrQTNzAAAAA==[0mRunAfterGithubJob
Finished: FAILURE
